<?xml version="1.0" encoding="UTF-8"?>
<testsuite xmlns:xsi="http://www.w3.org/2001/XMLSchema-instance" xsi:noNamespaceSchemaLocation="https://maven.apache.org/surefire/maven-surefire-plugin/xsd/surefire-test-report.xsd" name="telran.java2022.FinancialDataApplicationTests" time="0.852" tests="1" errors="0" skipped="0" failures="0">
  <properties>
[...]
</properties>
  <testcase name="testFindTopByIdSymbolOrderByClose" classname="telran.java2022.FinancialDataApplicationTests" time="0.834"/>
</testsuite>